  algorithm.cpp
c:\users\seanvip\documents\gitkraken\super-xbr-cpp\xbrcpp\algorithm.cpp(187): warning C4244: '=': 將 'double' 轉換為 'int'，由於類型不同，可能導致資料遺失
c:\users\seanvip\documents\gitkraken\super-xbr-cpp\xbrcpp\algorithm.cpp(188): warning C4244: '=': 將 'double' 轉換為 'int'，由於類型不同，可能導致資料遺失
c:\users\seanvip\documents\gitkraken\super-xbr-cpp\xbrcpp\algorithm.cpp(189): warning C4244: '=': 將 'double' 轉換為 'int'，由於類型不同，可能導致資料遺失
c:\users\seanvip\documents\gitkraken\super-xbr-cpp\xbrcpp\algorithm.cpp(190): warning C4244: '=': 將 'double' 轉換為 'int'，由於類型不同，可能導致資料遺失
c:\users\seanvip\documents\gitkraken\super-xbr-cpp\xbrcpp\algorithm.cpp(308): warning C4244: '=': 將 'double' 轉換為 'int'，由於類型不同，可能導致資料遺失
c:\users\seanvip\documents\gitkraken\super-xbr-cpp\xbrcpp\algorithm.cpp(309): warning C4244: '=': 將 'double' 轉換為 'int'，由於類型不同，可能導致資料遺失
c:\users\seanvip\documents\gitkraken\super-xbr-cpp\xbrcpp\algorithm.cpp(310): warning C4244: '=': 將 'double' 轉換為 'int'，由於類型不同，可能導致資料遺失
c:\users\seanvip\documents\gitkraken\super-xbr-cpp\xbrcpp\algorithm.cpp(311): warning C4244: '=': 將 'double' 轉換為 'int'，由於類型不同，可能導致資料遺失
c:\users\seanvip\documents\gitkraken\super-xbr-cpp\xbrcpp\algorithm.cpp(380): warning C4244: '=': 將 'double' 轉換為 'int'，由於類型不同，可能導致資料遺失
c:\users\seanvip\documents\gitkraken\super-xbr-cpp\xbrcpp\algorithm.cpp(381): warning C4244: '=': 將 'double' 轉換為 'int'，由於類型不同，可能導致資料遺失
c:\users\seanvip\documents\gitkraken\super-xbr-cpp\xbrcpp\algorithm.cpp(382): warning C4244: '=': 將 'double' 轉換為 'int'，由於類型不同，可能導致資料遺失
c:\users\seanvip\documents\gitkraken\super-xbr-cpp\xbrcpp\algorithm.cpp(383): warning C4244: '=': 將 'double' 轉換為 'int'，由於類型不同，可能導致資料遺失
c:\users\seanvip\documents\gitkraken\super-xbr-cpp\xbrcpp\algorithm.cpp(483): warning C4244: '=': 將 'double' 轉換為 'int'，由於類型不同，可能導致資料遺失
c:\users\seanvip\documents\gitkraken\super-xbr-cpp\xbrcpp\algorithm.cpp(484): warning C4244: '=': 將 'double' 轉換為 'int'，由於類型不同，可能導致資料遺失
c:\users\seanvip\documents\gitkraken\super-xbr-cpp\xbrcpp\algorithm.cpp(485): warning C4244: '=': 將 'double' 轉換為 'int'，由於類型不同，可能導致資料遺失
c:\users\seanvip\documents\gitkraken\super-xbr-cpp\xbrcpp\algorithm.cpp(486): warning C4244: '=': 將 'double' 轉換為 'int'，由於類型不同，可能導致資料遺失
  xbrCPP.cpp
  正在產生程式碼...
  xbrCPP.vcxproj -> C:\Users\SeanVIP\Documents\Gitkraken\Super-xBR-CPP\x64\Debug\xbrCPP.exe
